\BOOKMARK [0][-]{chapter.1}{Introduction}{}% 1
\BOOKMARK [1][-]{section.1.1}{Background and Motivation}{chapter.1}% 2
\BOOKMARK [1][-]{section.1.2}{Research objectives and Scope}{chapter.1}% 3
\BOOKMARK [1][-]{section.1.3}{Main Contributions}{chapter.1}% 4
\BOOKMARK [1][-]{section.1.4}{Thesis Outline}{chapter.1}% 5
\BOOKMARK [0][-]{chapter.2}{Context Awareness}{}% 6
\BOOKMARK [1][-]{section.2.1}{A Framework for Contextual Information}{chapter.2}% 7
\BOOKMARK [1][-]{section.2.2}{History}{chapter.2}% 8
\BOOKMARK [1][-]{section.2.3}{Theory}{chapter.2}% 9
\BOOKMARK [1][-]{section.2.4}{How to Sense Context}{chapter.2}% 10
\BOOKMARK [1][-]{section.2.5}{Conclusions}{chapter.2}% 11
\BOOKMARK [0][-]{chapter.3}{Machine Learning}{}% 12
\BOOKMARK [1][-]{section.3.1}{Computer Chess: An Example Learning Task}{chapter.3}% 13
\BOOKMARK [2][-]{subsection.3.1.1}{Rule-Based Methods}{section.3.1}% 14
\BOOKMARK [2][-]{subsection.3.1.2}{A Trivial Chess Learning Program}{section.3.1}% 15
\BOOKMARK [1][-]{section.3.2}{Modern Machine Learning}{chapter.3}% 16
\BOOKMARK [1][-]{section.3.3}{Supervised Learning}{chapter.3}% 17
\BOOKMARK [1][-]{section.3.4}{Unsupervised Learning}{chapter.3}% 18
\BOOKMARK [0][-]{chapter.4}{Overview of Publications}{}% 19
\BOOKMARK [1][-]{section.4.1}{Research Context for Publications}{chapter.4}% 20
\BOOKMARK [1][-]{section.4.2}{Mapping of Publications to Research Areas}{chapter.4}% 21
\BOOKMARK [1][-]{section.4.3}{Author's Contributions to the Publications}{chapter.4}% 22
\BOOKMARK [1][-]{section.4.4}{Scientific Impact of the Publications}{chapter.4}% 23
\BOOKMARK [0][-]{chapter.5}{Conclusions}{}% 24
\BOOKMARK [1][-]{section.5.1}{Summary}{chapter.5}% 25
\BOOKMARK [1][-]{section.5.2}{Main Findings}{chapter.5}% 26
\BOOKMARK [1][-]{section.5.3}{Future Work}{chapter.5}% 27
\BOOKMARK [2][-]{subsection.5.3.1}{Future Applications}{section.5.3}% 28
\BOOKMARK [2][-]{subsection.5.3.2}{General Issues and Potential Solutions}{section.5.3}% 29
\BOOKMARK [0][-]{Item.9}{Bibliography}{}% 30
\BOOKMARK [0][-]{Item.9}{APPENDIX A. Something extra}{}% 31
\BOOKMARK [0][-]{Item.9}{APPENDIX B. Something completely different}{}% 32
