This is pdfTeX, Version 3.14159265-2.6-1.40.15 (TeX Live 2014/Debian) (preloaded format=pdflatex 2015.5.20)  16 JUL 2015 19:07
entering extended mode
 restricted \write18 enabled.
 %&-line parsing enabled.
**PHDbase.tex
(./PHDbase.tex
LaTeX2e <2014/05/01>
Babel <3.9k> and hyphenation patterns for 2 languages loaded.
(./tutdrthesis.cls
Document Class: tutdrthesis 1998/01/03 1.1 LaTeX document class (wm).
\hours=\count79
\minutes=\count80
(/usr/share/texlive/texmf-dist/tex/latex/base/bk11.clo
File: bk11.clo 2007/10/19 v1.4h Standard LaTeX file (size option)
)
\c@theorem=\count81
\c@theorem=\count82
\c@corollary=\count83
\c@definition=\count84
\c@part=\count85
\c@appendix=\count86
\c@chapter=\count87
\c@section=\count88
\c@subsection=\count89
\c@subsubsection=\count90
\c@paragraph=\count91
\c@subparagraph=\count92
\beforechaptervspace=\skip41
\afterchaptervspace=\skip42
\exampleindent=\skip43
\c@figure=\count93
\c@table=\count94
\abovecaptionskip=\skip44
\belowcaptionskip=\skip45
\bibindent=\dimen102
)
(/usr/share/texlive/texmf-dist/tex/latex/graphics/graphicx.sty
Package: graphicx 2014/04/25 v1.0g Enhanced LaTeX Graphics (DPC,SPQR)

(/usr/share/texlive/texmf-dist/tex/latex/graphics/keyval.sty
Package: keyval 2014/05/08 v1.15 key=value parser (DPC)
\KV@toks@=\toks14
)
(/usr/share/texlive/texmf-dist/tex/latex/graphics/graphics.sty
Package: graphics 2009/02/05 v1.0o Standard LaTeX Graphics (DPC,SPQR)

(/usr/share/texlive/texmf-dist/tex/latex/graphics/trig.sty
Package: trig 1999/03/16 v1.09 sin cos tan (DPC)
)
(/usr/share/texlive/texmf-dist/tex/latex/latexconfig/graphics.cfg
File: graphics.cfg 2010/04/23 v1.9 graphics configuration of TeX Live
)
Package graphics Info: Driver file: pdftex.def on input line 91.

(/usr/share/texlive/texmf-dist/tex/latex/pdftex-def/pdftex.def
File: pdftex.def 2011/05/27 v0.06d Graphics/color for pdfTeX

(/usr/share/texlive/texmf-dist/tex/generic/oberdiek/infwarerr.sty
Package: infwarerr 2010/04/08 v1.3 Providing info/warning/error messages (HO)
)
(/usr/share/texlive/texmf-dist/tex/generic/oberdiek/ltxcmds.sty
Package: ltxcmds 2011/11/09 v1.22 LaTeX kernel commands for general use (HO)
)
\Gread@gobject=\count95
))
\Gin@req@height=\dimen103
\Gin@req@width=\dimen104
)
(/usr/share/texlive/texmf-dist/tex/latex/tools/enumerate.sty
Package: enumerate 1999/03/05 v3.00 enumerate extensions (DPC)
\@enLab=\toks15
)
(/usr/share/texlive/texmf-dist/tex/latex/enumitem/enumitem.sty
Package: enumitem 2011/09/28 v3.5.2 Customized lists
\labelindent=\skip46
\enit@outerparindent=\dimen105
\enit@toks=\toks16
\enit@inbox=\box26
\enitdp@description=\count96
)
(/usr/share/texlive/texmf-dist/tex/generic/babel/babel.sty
Package: babel 2014/03/24 3.9k The Babel package

(/usr/share/texlive/texmf-dist/tex/generic/babel-english/english.ldf
Language: english 2012/08/20 v3.3p English support from the babel system

(/usr/share/texlive/texmf-dist/tex/generic/babel/babel.def
File: babel.def 2014/03/24 3.9k Babel common definitions
\babel@savecnt=\count97
\U@D=\dimen106
)
\l@british = a dialect from \language\l@english 
\l@UKenglish = a dialect from \language\l@english 
\l@canadian = a dialect from \language\l@american 
\l@australian = a dialect from \language\l@british 
\l@newzealand = a dialect from \language\l@british 
))
(/usr/share/texlive/texmf-dist/tex/latex/tools/layout.sty
Package: layout 2000/09/25 v1.2c Show layout parameters
\oneinch=\count98
\cnt@paperwidth=\count99
\cnt@paperheight=\count100
\cnt@hoffset=\count101
\cnt@voffset=\count102
\cnt@textheight=\count103
\cnt@textwidth=\count104
\cnt@topmargin=\count105
\cnt@oddsidemargin=\count106
\cnt@evensidemargin=\count107
\cnt@headheight=\count108
\cnt@headsep=\count109
\cnt@marginparsep=\count110
\cnt@marginparwidth=\count111
\cnt@marginparpush=\count112
\cnt@footskip=\count113
\fheight=\count114
\ref@top=\count115
\ref@hoffset=\count116
\ref@voffset=\count117
\ref@head=\count118
\ref@body=\count119
\ref@foot=\count120
\ref@margin=\count121
\ref@marginwidth=\count122
\ref@marginpar=\count123
\Interval=\count124
\ExtraYPos=\count125
\PositionX=\count126
\PositionY=\count127
\ArrowLength=\count128
)
(/usr/share/texlive/texmf-dist/tex/latex/cite/cite.sty
LaTeX Info: Redefining \cite on input line 302.
LaTeX Info: Redefining \nocite on input line 373.
Package: cite 2010/09/10  v 5.3
)
(/usr/share/texlive/texmf-dist/tex/latex/rotating/rotating.sty
Package: rotating 2009/03/28 v2.16a rotated objects in LaTeX

(/usr/share/texlive/texmf-dist/tex/latex/base/ifthen.sty
Package: ifthen 2001/05/26 v1.1c Standard LaTeX ifthen package (DPC)
)
\c@r@tfl@t=\count129
\rotFPtop=\skip47
\rotFPbot=\skip48
\rot@float@box=\box27
\rot@mess@toks=\toks17
)
(/usr/share/texlive/texmf-dist/tex/latex/amsmath/amsmath.sty
Package: amsmath 2013/01/14 v2.14 AMS math features
\@mathmargin=\skip49

For additional information on amsmath, use the `?' option.
(/usr/share/texlive/texmf-dist/tex/latex/amsmath/amstext.sty
Package: amstext 2000/06/29 v2.01

(/usr/share/texlive/texmf-dist/tex/latex/amsmath/amsgen.sty
File: amsgen.sty 1999/11/30 v2.0
\@emptytoks=\toks18
\ex@=\dimen107
))
(/usr/share/texlive/texmf-dist/tex/latex/amsmath/amsbsy.sty
Package: amsbsy 1999/11/29 v1.2d
\pmbraise@=\dimen108
)
(/usr/share/texlive/texmf-dist/tex/latex/amsmath/amsopn.sty
Package: amsopn 1999/12/14 v2.01 operator names
)
\inf@bad=\count130
LaTeX Info: Redefining \frac on input line 210.
\uproot@=\count131
\leftroot@=\count132
LaTeX Info: Redefining \overline on input line 306.
\classnum@=\count133
\DOTSCASE@=\count134
LaTeX Info: Redefining \ldots on input line 378.
LaTeX Info: Redefining \dots on input line 381.
LaTeX Info: Redefining \cdots on input line 466.
\Mathstrutbox@=\box28
\strutbox@=\box29
\big@size=\dimen109
LaTeX Font Info:    Redeclaring font encoding OML on input line 566.
LaTeX Font Info:    Redeclaring font encoding OMS on input line 567.
\macc@depth=\count135
\c@MaxMatrixCols=\count136
\dotsspace@=\muskip10
\c@parentequation=\count137
\dspbrk@lvl=\count138
\tag@help=\toks19
\row@=\count139
\column@=\count140
\maxfields@=\count141
\andhelp@=\toks20
\eqnshift@=\dimen110
\alignsep@=\dimen111
\tagshift@=\dimen112
\tagwidth@=\dimen113
\totwidth@=\dimen114
\lineht@=\dimen115
\@envbody=\toks21
\multlinegap=\skip50
\multlinetaggap=\skip51
\mathdisplay@stack=\toks22
LaTeX Info: Redefining \[ on input line 2665.
LaTeX Info: Redefining \] on input line 2666.
)
(/usr/share/texlive/texmf-dist/tex/latex/multirow/multirow.sty
\bigstrutjot=\dimen116
)
(/usr/share/texlive/texmf-dist/tex/latex/base/textcomp.sty
Package: textcomp 2005/09/27 v1.99g Standard LaTeX package
Package textcomp Info: Sub-encoding information:
(textcomp)               5 = only ISO-Adobe without \textcurrency
(textcomp)               4 = 5 + \texteuro
(textcomp)               3 = 4 + \textohm
(textcomp)               2 = 3 + \textestimated + \textcurrency
(textcomp)               1 = TS1 - \textcircled - \t
(textcomp)               0 = TS1 (full)
(textcomp)             Font families with sub-encoding setting implement
(textcomp)             only a restricted character set as indicated.
(textcomp)             Family '?' is the default used for unknown fonts.
(textcomp)             See the documentation for details.
Package textcomp Info: Setting ? sub-encoding to TS1/1 on input line 71.

(/usr/share/texlive/texmf-dist/tex/latex/base/ts1enc.def
File: ts1enc.def 2001/06/05 v3.0e (jk/car/fm) Standard LaTeX file
)
LaTeX Info: Redefining \oldstylenums on input line 266.
Package textcomp Info: Setting cmr sub-encoding to TS1/0 on input line 281.
Package textcomp Info: Setting cmss sub-encoding to TS1/0 on input line 282.
Package textcomp Info: Setting cmtt sub-encoding to TS1/0 on input line 283.
Package textcomp Info: Setting cmvtt sub-encoding to TS1/0 on input line 284.
Package textcomp Info: Setting cmbr sub-encoding to TS1/0 on input line 285.
Package textcomp Info: Setting cmtl sub-encoding to TS1/0 on input line 286.
Package textcomp Info: Setting ccr sub-encoding to TS1/0 on input line 287.
Package textcomp Info: Setting ptm sub-encoding to TS1/4 on input line 288.
Package textcomp Info: Setting pcr sub-encoding to TS1/4 on input line 289.
Package textcomp Info: Setting phv sub-encoding to TS1/4 on input line 290.
Package textcomp Info: Setting ppl sub-encoding to TS1/3 on input line 291.
Package textcomp Info: Setting pag sub-encoding to TS1/4 on input line 292.
Package textcomp Info: Setting pbk sub-encoding to TS1/4 on input line 293.
Package textcomp Info: Setting pnc sub-encoding to TS1/4 on input line 294.
Package textcomp Info: Setting pzc sub-encoding to TS1/4 on input line 295.
Package textcomp Info: Setting bch sub-encoding to TS1/4 on input line 296.
Package textcomp Info: Setting put sub-encoding to TS1/5 on input line 297.
Package textcomp Info: Setting uag sub-encoding to TS1/5 on input line 298.
Package textcomp Info: Setting ugq sub-encoding to TS1/5 on input line 299.
Package textcomp Info: Setting ul8 sub-encoding to TS1/4 on input line 300.
Package textcomp Info: Setting ul9 sub-encoding to TS1/4 on input line 301.
Package textcomp Info: Setting augie sub-encoding to TS1/5 on input line 302.
Package textcomp Info: Setting dayrom sub-encoding to TS1/3 on input line 303.
Package textcomp Info: Setting dayroms sub-encoding to TS1/3 on input line 304.

Package textcomp Info: Setting pxr sub-encoding to TS1/0 on input line 305.
Package textcomp Info: Setting pxss sub-encoding to TS1/0 on input line 306.
Package textcomp Info: Setting pxtt sub-encoding to TS1/0 on input line 307.
Package textcomp Info: Setting txr sub-encoding to TS1/0 on input line 308.
Package textcomp Info: Setting txss sub-encoding to TS1/0 on input line 309.
Package textcomp Info: Setting txtt sub-encoding to TS1/0 on input line 310.
Package textcomp Info: Setting lmr sub-encoding to TS1/0 on input line 311.
Package textcomp Info: Setting lmdh sub-encoding to TS1/0 on input line 312.
Package textcomp Info: Setting lmss sub-encoding to TS1/0 on input line 313.
Package textcomp Info: Setting lmssq sub-encoding to TS1/0 on input line 314.
Package textcomp Info: Setting lmvtt sub-encoding to TS1/0 on input line 315.
Package textcomp Info: Setting qhv sub-encoding to TS1/0 on input line 316.
Package textcomp Info: Setting qag sub-encoding to TS1/0 on input line 317.
Package textcomp Info: Setting qbk sub-encoding to TS1/0 on input line 318.
Package textcomp Info: Setting qcr sub-encoding to TS1/0 on input line 319.
Package textcomp Info: Setting qcs sub-encoding to TS1/0 on input line 320.
Package textcomp Info: Setting qpl sub-encoding to TS1/0 on input line 321.
Package textcomp Info: Setting qtm sub-encoding to TS1/0 on input line 322.
Package textcomp Info: Setting qzc sub-encoding to TS1/0 on input line 323.
Package textcomp Info: Setting qhvc sub-encoding to TS1/0 on input line 324.
Package textcomp Info: Setting futs sub-encoding to TS1/4 on input line 325.
Package textcomp Info: Setting futx sub-encoding to TS1/4 on input line 326.
Package textcomp Info: Setting futj sub-encoding to TS1/4 on input line 327.
Package textcomp Info: Setting hlh sub-encoding to TS1/3 on input line 328.
Package textcomp Info: Setting hls sub-encoding to TS1/3 on input line 329.
Package textcomp Info: Setting hlst sub-encoding to TS1/3 on input line 330.
Package textcomp Info: Setting hlct sub-encoding to TS1/5 on input line 331.
Package textcomp Info: Setting hlx sub-encoding to TS1/5 on input line 332.
Package textcomp Info: Setting hlce sub-encoding to TS1/5 on input line 333.
Package textcomp Info: Setting hlcn sub-encoding to TS1/5 on input line 334.
Package textcomp Info: Setting hlcw sub-encoding to TS1/5 on input line 335.
Package textcomp Info: Setting hlcf sub-encoding to TS1/5 on input line 336.
Package textcomp Info: Setting pplx sub-encoding to TS1/3 on input line 337.
Package textcomp Info: Setting pplj sub-encoding to TS1/3 on input line 338.
Package textcomp Info: Setting ptmx sub-encoding to TS1/4 on input line 339.
Package textcomp Info: Setting ptmj sub-encoding to TS1/4 on input line 340.
)
(/usr/share/texlive/texmf-dist/tex/latex/tools/array.sty
Package: array 2008/09/09 v2.4c Tabular extension package (FMi)
\col@sep=\dimen117
\extrarowheight=\dimen118
\NC@list=\toks23
\extratabsurround=\skip52
\backup@length=\skip53
)
(/usr/share/texlive/texmf-dist/tex/latex/ms/ragged2e.sty
Package: ragged2e 2009/05/21 v2.1 ragged2e Package (MS)

(/usr/share/texlive/texmf-dist/tex/latex/ms/everysel.sty
Package: everysel 2011/10/28 v1.2 EverySelectfont Package (MS)
)
\CenteringLeftskip=\skip54
\RaggedLeftLeftskip=\skip55
\RaggedRightLeftskip=\skip56
\CenteringRightskip=\skip57
\RaggedLeftRightskip=\skip58
\RaggedRightRightskip=\skip59
\CenteringParfillskip=\skip60
\RaggedLeftParfillskip=\skip61
\RaggedRightParfillskip=\skip62
\JustifyingParfillskip=\skip63
\CenteringParindent=\skip64
\RaggedLeftParindent=\skip65
\RaggedRightParindent=\skip66
\JustifyingParindent=\skip67
)
(/usr/share/texlive/texmf-dist/tex/latex/natbib/bibentry.sty
Package: bibentry 2007/10/30 1.5 (PWD)
)
(/usr/local/share/texmf/tex/latex/glossaries/base/glossaries.sty
Package: glossaries 2015/07/08 v4.16 (NLCT)

(/usr/share/texlive/texmf-dist/tex/latex/xkeyval/xkeyval.sty
Package: xkeyval 2014/05/25 v2.7 package option processing (HA)

(/usr/share/texlive/texmf-dist/tex/generic/xkeyval/xkeyval.tex
(/usr/share/texlive/texmf-dist/tex/generic/xkeyval/xkvutils.tex
\XKV@toks=\toks24
\XKV@tempa@toks=\toks25
)
\XKV@depth=\count142
File: xkeyval.tex 2014/05/25 v2.7 key=value parser (HA)
))
(/usr/local/share/texmf/tex/latex/glossaries/base/mfirstuc.sty
Package: mfirstuc 2015/02/03 v1.10 (NLCT)

(/usr/local/share/texmf/tex/latex/etoolbox/etoolbox.sty
Package: etoolbox 2015/05/04 v2.2 e-TeX tools for LaTeX (JAW)

(/usr/share/texlive/texmf-dist/tex/latex/etex-pkg/etex.sty
Package: etex 1998/03/26 v2.0 eTeX basic definition package (PEB)
\et@xins=\count143
)
\etb@tempcnta=\count144
)
\@glsmfirst=\toks26
\@glsmrest=\toks27
)
(/usr/share/texlive/texmf-dist/tex/latex/textcase/textcase.sty
Package: textcase 2004/10/07 v0.07 Text only upper/lower case changing (DPC)
)
(/usr/local/share/texmf/tex/latex/xfor/xfor.sty
Package: xfor 2009/02/05 v1.05 (NLCT)
)
(/usr/local/share/texmf/tex/latex/datatool/datatool-base.sty
Package: datatool-base 2014/06/10 v2.22 (NLCT)

(/usr/share/texlive/texmf-dist/tex/latex/substr/substr.sty
Package: substr 2009/10/20 v1.2 Handle substrings
\c@su@anzahl=\count145
)
(/usr/local/share/texmf/tex/latex/datatool/datatool-fp.sty
Package: datatool-fp 2013/08/29 v2.17 (NLCT)

(/usr/share/texlive/texmf-dist/tex/latex/fp/fp.sty
Package: fp 1995/04/02

`Fixed Point Package', Version 0.8, April 2, 1995 (C) Michael Mehlich
(/usr/share/texlive/texmf-dist/tex/latex/fp/defpattern.sty
Package: defpattern 1994/10/12
\actioncount=\count146
)
(/usr/share/texlive/texmf-dist/tex/latex/fp/fp-basic.sty
Package: fp-basic 1996/05/13
\FP@xs=\count147
\FP@xia=\count148
\FP@xib=\count149
\FP@xfa=\count150
\FP@xfb=\count151
\FP@rega=\count152
\FP@regb=\count153
\FP@regs=\count154
\FP@times=\count155
)
(/usr/share/texlive/texmf-dist/tex/latex/fp/fp-addons.sty
Package: fp-addons 1995/03/15
)
(/usr/share/texlive/texmf-dist/tex/latex/fp/fp-snap.sty
Package: fp-snap 1995/04/05
)
(/usr/share/texlive/texmf-dist/tex/latex/fp/fp-exp.sty
Package: fp-exp 1995/04/03
)
(/usr/share/texlive/texmf-dist/tex/latex/fp/fp-trigo.sty
Package: fp-trigo 1995/04/14
)
(/usr/share/texlive/texmf-dist/tex/latex/fp/fp-pas.sty
Package: fp-pas 1994/08/29
)
(/usr/share/texlive/texmf-dist/tex/latex/fp/fp-random.sty
Package: fp-random 1995/02/23
\FPseed=\count156
)
(/usr/share/texlive/texmf-dist/tex/latex/fp/fp-eqn.sty
Package: fp-eqn 1995/04/03
)
(/usr/share/texlive/texmf-dist/tex/latex/fp/fp-upn.sty
Package: fp-upn 1996/10/21
)
(/usr/share/texlive/texmf-dist/tex/latex/fp/fp-eval.sty
Package: fp-eval 1995/04/03
)))
\@dtl@toks=\toks28
\@dtl@tmpcount=\count157
\dtl@tmplength=\skip68
\dtl@sortresult=\count158
\@dtl@numgrpsepcount=\count159
\@dtl@datatype=\count160
\dtl@codeA=\count161
\dtl@codeB=\count162
\@dtl@foreach@level=\count163
)
(/usr/local/share/texmf/tex/latex/glossaries/base/glossaries-compatible-307.sty
Package: glossaries-compatible-307 2015/07/08 v4.16 (NLCT)
) (/usr/local/share/texmf/tex/latex/tracklang/tracklang.sty
Package: tracklang 2015/03/23 v1.2 (NLCT) Track Languages

(/usr/local/share/texmf/tex/generic/tracklang/tracklang.tex))
(/usr/share/texlive/texmf-dist/tex/latex/beamer/translator/translator.sty
Package: translator 2010/06/12 ver 1.10

(/usr/share/texlive/texmf-dist/tex/latex/beamer/translator/translator-language-
mappings.tex))

Package glossaries Warning: No language module detected for `USenglish'.
(glossaries)                Language modules need to be installed separately.
(glossaries)                Please check on CTAN for a bundle called
(glossaries)                `glossaries-english' or similar.

\gls@level=\count164
\@gls@tmpb=\toks29
\gls@tmplen=\skip69
\glskeylisttok=\toks30
\glslabeltok=\toks31
\glsshorttok=\toks32
\glslongtok=\toks33
(/usr/local/share/texmf/tex/latex/glossaries/styles/glossary-hypernav.sty
Package: glossary-hypernav 2015/07/08 v4.16 (NLCT)
)
(/usr/local/share/texmf/tex/latex/glossaries/styles/glossary-list.sty
Package: glossary-list 2015/07/08 v4.16 (NLCT)
\glslistdottedwidth=\skip70
)
(/usr/local/share/texmf/tex/latex/glossaries/styles/glossary-long.sty
Package: glossary-long 2015/07/08 v4.16 (NLCT)

(/usr/share/texlive/texmf-dist/tex/latex/tools/longtable.sty
Package: longtable 2004/02/01 v4.11 Multi-page Table package (DPC)
\LTleft=\skip71
\LTright=\skip72
\LTpre=\skip73
\LTpost=\skip74
\LTchunksize=\count165
\LTcapwidth=\dimen119
\LT@head=\box30
\LT@firsthead=\box31
\LT@foot=\box32
\LT@lastfoot=\box33
\LT@cols=\count166
\LT@rows=\count167
\c@LT@tables=\count168
\c@LT@chunks=\count169
\LT@p@ftn=\toks34
)
\glsdescwidth=\skip75
\glspagelistwidth=\skip76
)
(/usr/local/share/texmf/tex/latex/glossaries/styles/glossary-super.sty
Package: glossary-super 2015/07/08 v4.16 (NLCT)

(/usr/share/texlive/texmf-dist/tex/latex/supertabular/supertabular.sty
Package: supertabular 2004/02/20 v4.1e the supertabular environment
\c@tracingst=\count170
\ST@wd=\dimen120
\ST@rightskip=\skip77
\ST@leftskip=\skip78
\ST@parfillskip=\skip79
\ST@pageleft=\dimen121
\ST@headht=\dimen122
\ST@tailht=\dimen123
\ST@pagesofar=\dimen124
\ST@pboxht=\dimen125
\ST@lineht=\dimen126
\ST@stretchht=\dimen127
\ST@prevht=\dimen128
\ST@toadd=\dimen129
\ST@dimen=\dimen130
\ST@pbox=\box34
))
(/usr/local/share/texmf/tex/latex/glossaries/styles/glossary-tree.sty
Package: glossary-tree 2015/07/08 v4.16 (NLCT)
\glstreeindent=\skip80
))
(/usr/share/texlive/texmf-dist/tex/latex/jknapltx/mathrsfs.sty
Package: mathrsfs 1996/01/01 Math RSFS package v1.0 (jk)
\symrsfs=\mathgroup4
)
(/usr/share/texlive/texmf-dist/tex/latex/chngcntr/chngcntr.sty
Package: chngcntr 2009/09/02 v1.0a change counter resetting
)
\enitdp@bold_description=\count171
\glswrite=\write3
\glo@acronym@file=\write4
\openout4 = `PHDbase.acn'.

Package glossaries Info: Writing glossary file PHDbase.acn on input line 101.
 (./PHDbase.aux
(./Text/cover_nondraft.aux)

LaTeX Warning: Label `Mitchell1990' multiply defined.


LaTeX Warning: Label `guinness2014method' multiply defined.


LaTeX Warning: Label `brynjolfsson_2014' multiply defined.


LaTeX Warning: Label `canalys_2007' multiply defined.


LaTeX Warning: Label `Gartner2009' multiply defined.


LaTeX Warning: Label `Mawston2012' multiply defined.


LaTeX Warning: Label `KoreaTimes2014' multiply defined.


LaTeX Warning: Label `McCarthy1955' multiply defined.


LaTeX Warning: Label `Foltz1998' multiply defined.


LaTeX Warning: Label `Bazire2005' multiply defined.


LaTeX Warning: Label `McCarthy1993' multiply defined.


LaTeX Warning: Label `chen_geospatial_2014' multiply defined.


LaTeX Warning: Label `merriam2015' multiply defined.


LaTeX Warning: Label `akman1996steps' multiply defined.


LaTeX Warning: Label `wiki2015' multiply defined.


LaTeX Warning: Label `bennett2005hermagoras' multiply defined.


LaTeX Warning: Label `schilit1994disseminating' multiply defined.


LaTeX Warning: Label `weiser1991computer' multiply defined.


LaTeX Warning: Label `want1992active' multiply defined.


LaTeX Warning: Label `moran2001introduction' multiply defined.


LaTeX Warning: Label `mccarthy1963programs' multiply defined.


LaTeX Warning: Label `guha1991contexts' multiply defined.


LaTeX Warning: Label `mccarthy1997formalizing' multiply defined.


LaTeX Warning: Label `buvac1993propositional' multiply defined.


LaTeX Warning: Label `brezillon1999context' multiply defined.


LaTeX Warning: Label `akman2002context' multiply defined.


LaTeX Warning: Label `mccarthy1987generality' multiply defined.


LaTeX Warning: Label `Weisstein2014' multiply defined.


LaTeX Warning: Label `ghidini2001local' multiply defined.


LaTeX Warning: Label `thomason2006contextual' multiply defined.


LaTeX Warning: Label `gabbay2000structured' multiply defined.


LaTeX Warning: Label `bouquet2003theories' multiply defined.


LaTeX Warning: Label `boquet2001' multiply defined.


LaTeX Warning: Label `hirst1997context' multiply defined.


LaTeX Warning: Label `wolf2006critical' multiply defined.


LaTeX Warning: Label `mccarthy1969some' multiply defined.


LaTeX Warning: Label `mccarthy1984some' multiply defined.


LaTeX Warning: Label `pei2013human' multiply defined.


LaTeX Warning: Label `samuel1959some' multiply defined.


LaTeX Warning: Label `shannon1950xxii' multiply defined.


LaTeX Warning: Label `Turing1953' multiply defined.


LaTeX Warning: Label `hsu2002behind' multiply defined.


LaTeX Warning: Label `Spicer2006' multiply defined.


LaTeX Warning: Label `Russell2010' multiply defined.


LaTeX Warning: Label `wolpert1996lack' multiply defined.


LaTeX Warning: Label `alpaydin2014introduction' multiply defined.


LaTeX Warning: Label `Murphy2012' multiply defined.


LaTeX Warning: Label `bishop2006pattern' multiply defined.


LaTeX Warning: Label `witten2005data' multiply defined.


LaTeX Warning: Label `Mitchell1997' multiply defined.


LaTeX Warning: Label `hartigan1979algorithm' multiply defined.


LaTeX Warning: Label `Ankerst:1999:OOP:304181.304187' multiply defined.


LaTeX Warning: Label `dempster1977maximum' multiply defined.


LaTeX Warning: Label `bilmes1998gentle' multiply defined.


LaTeX Warning: Label `vlassis2002greedy' multiply defined.


LaTeX Warning: Label `Smyth2015' multiply defined.


LaTeX Warning: Label `inosense2015' multiply defined.


LaTeX Warning: Label `Guinness2013' multiply defined.


LaTeX Warning: Label `jufo' multiply defined.


LaTeX Warning: Label `Guinness2015' multiply defined.


LaTeX Warning: Label `elhoushi2014robust' multiply defined.


LaTeX Warning: Label `stenneth2013detecting' multiply defined.

)
\openout1 = `PHDbase.aux'.

LaTeX Font Info:    Checking defaults for OML/cmm/m/it on input line 108.
LaTeX Font Info:    ... okay on input line 108.
LaTeX Font Info:    Checking defaults for T1/cmr/m/n on input line 108.
LaTeX Font Info:    ... okay on input line 108.
LaTeX Font Info:    Checking defaults for OT1/cmr/m/n on input line 108.
LaTeX Font Info:    ... okay on input line 108.
LaTeX Font Info:    Checking defaults for OMS/cmsy/m/n on input line 108.
LaTeX Font Info:    ... okay on input line 108.
LaTeX Font Info:    Checking defaults for OMX/cmex/m/n on input line 108.
LaTeX Font Info:    ... okay on input line 108.
LaTeX Font Info:    Checking defaults for U/cmr/m/n on input line 108.
LaTeX Font Info:    ... okay on input line 108.
LaTeX Font Info:    Checking defaults for TS1/cmr/m/n on input line 108.
LaTeX Font Info:    Try loading font information for TS1+cmr on input line 108.

 (/usr/share/texlive/texmf-dist/tex/latex/base/ts1cmr.fd
File: ts1cmr.fd 1999/05/25 v2.5h Standard LaTeX font definitions
)
LaTeX Font Info:    ... okay on input line 108.
LaTeX Font Info:    Try loading font information for OT1+ptm on input line 108.


(/usr/share/texlive/texmf-dist/tex/latex/psnfss/ot1ptm.fd
File: ot1ptm.fd 2001/06/04 font definitions for OT1/ptm.
)
(/usr/share/texlive/texmf-dist/tex/context/base/supp-pdf.mkii
[Loading MPS to PDF converter (version 2006.09.02).]
\scratchcounter=\count172
\scratchdimen=\dimen131
\scratchbox=\box35
\nofMPsegments=\count173
\nofMParguments=\count174
\everyMPshowfont=\toks35
\MPscratchCnt=\count175
\MPscratchDim=\dimen132
\MPnumerator=\count176
\makeMPintoPDFobject=\count177
\everyMPtoPDFconversion=\toks36
) (/usr/share/texlive/texmf-dist/tex/generic/oberdiek/pdftexcmds.sty
Package: pdftexcmds 2011/11/29 v0.20 Utility functions of pdfTeX for LuaTeX (HO
)

(/usr/share/texlive/texmf-dist/tex/generic/oberdiek/ifluatex.sty
Package: ifluatex 2010/03/01 v1.3 Provides the ifluatex switch (HO)
Package ifluatex Info: LuaTeX not detected.
)
(/usr/share/texlive/texmf-dist/tex/generic/oberdiek/ifpdf.sty
Package: ifpdf 2011/01/30 v2.3 Provides the ifpdf switch (HO)
Package ifpdf Info: pdfTeX in PDF mode is detected.
)
Package pdftexcmds Info: LuaTeX not detected.
Package pdftexcmds Info: \pdf@primitive is available.
Package pdftexcmds Info: \pdf@ifprimitive is available.
Package pdftexcmds Info: \pdfdraftmode found.
)
(/usr/share/texlive/texmf-dist/tex/latex/oberdiek/epstopdf-base.sty
Package: epstopdf-base 2010/02/09 v2.5 Base part for package epstopdf

(/usr/share/texlive/texmf-dist/tex/latex/oberdiek/grfext.sty
Package: grfext 2010/08/19 v1.1 Manage graphics extensions (HO)

(/usr/share/texlive/texmf-dist/tex/generic/oberdiek/kvdefinekeys.sty
Package: kvdefinekeys 2011/04/07 v1.3 Define keys (HO)
))
(/usr/share/texlive/texmf-dist/tex/latex/oberdiek/kvoptions.sty
Package: kvoptions 2011/06/30 v3.11 Key value format for package options (HO)

(/usr/share/texlive/texmf-dist/tex/generic/oberdiek/kvsetkeys.sty
Package: kvsetkeys 2012/04/25 v1.16 Key value parser (HO)

(/usr/share/texlive/texmf-dist/tex/generic/oberdiek/etexcmds.sty
Package: etexcmds 2011/02/16 v1.5 Avoid name clashes with e-TeX commands (HO)
Package etexcmds Info: Could not find \expanded.
(etexcmds)             That can mean that you are not using pdfTeX 1.50 or
(etexcmds)             that some package has redefined \expanded.
(etexcmds)             In the latter case, load this package earlier.
)))
Package grfext Info: Graphics extension search list:
(grfext)             [.png,.pdf,.jpg,.mps,.jpeg,.jbig2,.jb2,.PNG,.PDF,.JPG,.JPE
G,.JBIG2,.JB2,.eps]
(grfext)             \AppendGraphicsExtensions on input line 452.

(/usr/share/texlive/texmf-dist/tex/latex/latexconfig/epstopdf-sys.cfg
File: epstopdf-sys.cfg 2010/07/13 v1.3 Configuration of (r)epstopdf for TeX Liv
e
))
ABD: EverySelectfont initializing macros
LaTeX Info: Redefining \selectfont on input line 108.
 (./PHDbase.glsdefs)
\openout2 = `Text/cover_nondraft.aux'.


(./Text/cover_nondraft.tex <Text/tut-logo.pdf, id=1, 560.02223pt x 87.02824pt>
File: Text/tut-logo.pdf Graphic file (type pdf)

<use Text/tut-logo.pdf>
Package pdftex.def Info: Text/tut-logo.pdf used on input line 7.
(pdftex.def)             Requested size: 227.62204pt x 35.37239pt.
LaTeX Font Info:    Try loading font information for OT1+phv on input line 7.

(/usr/share/texlive/texmf-dist/tex/latex/psnfss/ot1phv.fd
File: ot1phv.fd 2001/06/04 scalable font definitions for OT1/phv.
)
LaTeX Font Info:    Try loading font information for U+rsfs on input line 7.

(/usr/share/texlive/texmf-dist/tex/latex/jknapltx/ursfs.fd
File: ursfs.fd 1998/03/24 rsfs font definition file (jk)
) [1
Non-PDF special ignored!

\openout3 = `PHDbase.ist'.



{/var/lib/texmf/fonts/map/pdftex/updmap/pdftex.map} <./Text/tut-logo.pdf>] [2])
 (./Text/abstract.tex
Underfull \hbox (badness 2564) in paragraph at lines 3--5
\OT1/ptm/m/n/10.95 im-prove their per-for-mance through ex-pe-ri-ence'' [1]. Th
is the-sis ex-am-ines
 []

[1



]) [2] (./Text/_preface.tex [3

]) [4] (./PHDbase.toc [5

])
\tf@toc=\write5
\openout5 = `PHDbase.toc'.

 [6] (./PHDbase.lof)
\tf@lof=\write6
\openout6 = `PHDbase.lof'.


[7

] [8

] (./PHDbase.lot)
\tf@lot=\write7
\openout7 = `PHDbase.lot'.

 [9] [10

]
\@gls@deffile=\write8
\openout8 = `PHDbase.glsdefs'.

 (./PHDbase.acr [11]) [12] [13

] [14

]
(./Text/publications.tex (./PHDbase.bbl)
Underfull \hbox (badness 2495) in paragraph at lines 6--7
[]\OT1/ptm/m/n/10.95 R. Chen, \OT1/ptm/b/n/10.95 R. E. Guin-ness\OT1/ptm/m/n/10
.95 , ``Con-text Aware-ness'' in \OT1/ptm/m/it/10.95 Geospa-tial
 []

Missing character: There is no â in font ptmr7t!
Missing character: There is no € in font ptmr7t!
Missing character: There is no “ in font ptmr7t!
) [15] [16

] (./Text/chapter01_introduction.tex
Chapter 1.
[1

] [2] [3] [4] [5] [6]
Underfull \hbox (badness 10000) in paragraph at lines 50--51
[]\OT1/ptm/m/n/10.95 1. Con-tribut-ing to the de-vel-op-ment of a com-bined pro
b-a-bilis-tic
 []


Underfull \hbox (badness 1442) in paragraph at lines 52--53
[]\OT1/ptm/m/n/10.95 2. A sys-tem-atic eval-u-a-tion of var-i-ous ma-chine lear
n-ing al-go-rithms ap-plied
 []

) (./Text/chapter02_context_awareness.tex [7] [8

]
Chapter 2.

Underfull \hbox (badness 1199) in paragraph at lines 6--7
\OT1/ptm/m/n/10.95 re-flect-ing dif-fer-ent discipline-specific per-spec-tives.
 The word con-text fig-ures
 []


Underfull \hbox (badness 7576) in paragraph at lines 12--13
[]\OT1/ptm/m/n/10.95 the in-ter-re-lated con-di-tions in which some-thing ex-is
ts or oc-curs :
 []

[9] [10]
LaTeX Font Info:    Try loading font information for TS1+ptm on input line 31.
 (/usr/share/texlive/texmf-dist/tex/latex/psnfss/ts1ptm.fd
File: ts1ptm.fd 2001/06/04 font definitions for TS1/ptm.
)
Underfull \hbox (badness 2591) in paragraph at lines 34--35
    \OT1/ptm/b/n/10.95 In What Man-ner: \OT1/ptm/m/n/10.95 Mary's smart-phone i
s ex-pe-ri-enc-ing small, spo-radic
 []

[11] [12] [13] [14]
Underfull \hbox (badness 1960) in paragraph at lines 85--87
[]\OT1/ptm/m/n/10.95 Finally, (Park et al., 2014) stud-ied con-text recog-ni-ti
on in a meet-ing room
 []

LaTeX Font Info:    Try loading font information for OMS+ptm on input line 100.

(/usr/share/texlive/texmf-dist/tex/latex/psnfss/omsptm.fd
File: omsptm.fd 
)
LaTeX Font Info:    Font shape `OMS/ptm/m/n' in size <10.95> not available
(Font)              Font shape `OMS/cmsy/m/n' tried instead on input line 100.

Underfull \vbox (badness 5939) has occurred while \output is active []

 [15]
[16]
Overfull \vbox (0.6644pt too high) has occurred while \output is active []


[17] [18]
Underfull \vbox (badness 1014) has occurred while \output is active []

 [19]
<Images/ContextPyramid4.pdf, id=134, 568.1225pt x 356.33125pt>
File: Images/ContextPyramid4.pdf Graphic file (type pdf)

<use Images/ContextPyramid4.pdf>
Package pdftex.def Info: Images/ContextPyramid4.pdf used on input line 184.
(pdftex.def)             Requested size: 369.88582pt x 232.00403pt.

Underfull \hbox (badness 3333) in paragraph at lines 186--186
[]\OT1/ptm/m/it/10 The ``con-text pyra-mid'' shows the dif-fer-ent lev-els of p
ro-cess-ing to build
 []

) (./Text/chapter03_machine_learning.tex [20] [21 <./Images/ContextPyramid4.pdf
>] [22]
Chapter 3.

Underfull \hbox (badness 5771) in paragraph at lines 22--22
 [][]\OT1/ptm/m/n/9 Some of the ear-li-est works in ma-chine learn-ing and ar-t
i-fi-cial in-tel-li-gence in-volved
 []

[23

] [24] [25] [26]
Underfull \hbox (badness 10000) in paragraph at lines 66--67
\OT1/ptm/m/n/10.95 ma-chine learn-ing with-out re-ally pre-sup-pos-ing any par-
tic-u-lar
 []

[27] [28] [29]
Underfull \hbox (badness 2065) in paragraph at lines 122--123
[]\OT1/ptm/m/n/10.95 A re-searcher, Mary, has painstak-ingly col-lected a datas
et for de-vel-op-ing a
 []

<Images/figChapter3-1.pdf, id=188, 647.41875pt x 540.0175pt>
File: Images/figChapter3-1.pdf Graphic file (type pdf)

<use Images/figChapter3-1.pdf>
Package pdftex.def Info: Images/figChapter3-1.pdf used on input line 178.
(pdftex.def)             Requested size: 369.88582pt x 308.53004pt.
 [30] [31] [32 <./Images/figChapter3-1.pdf>]
LaTeX Font Info:    Try loading font information for OT1+pzc on input line 195.


(/usr/share/texlive/texmf-dist/tex/latex/psnfss/ot1pzc.fd
File: ot1pzc.fd 2001/06/04 font definitions for OT1/pzc.
)
LaTeX Font Info:    Font shape `OT1/pzc/m/it' in size <10.95> not available
(Font)              Font shape `OT1/pzc/mb/it' tried instead on input line 195.

LaTeX Font Info:    Font shape `OT1/pzc/m/it' in size <8> not available
(Font)              Font shape `OT1/pzc/mb/it' tried instead on input line 195.

LaTeX Font Info:    Font shape `OT1/pzc/m/it' in size <6> not available
(Font)              Font shape `OT1/pzc/mb/it' tried instead on input line 195.

 [33]
LaTeX Font Info:    Font shape `OT1/pzc/m/it' in size <9> not available
(Font)              Font shape `OT1/pzc/mb/it' tried instead on input line 208.

LaTeX Font Info:    Font shape `OT1/pzc/m/it' in size <5> not available
(Font)              Font shape `OT1/pzc/mb/it' tried instead on input line 208.


<Images/figChapter3-2.pdf, id=208, 614.295pt x 794.97pt>
File: Images/figChapter3-2.pdf Graphic file (type pdf)

<use Images/figChapter3-2.pdf>
Package pdftex.def Info: Images/figChapter3-2.pdf used on input line 212.
(pdftex.def)             Requested size: 369.88582pt x 478.68391pt.


LaTeX Warning: Float too large for page by 11.09352pt on input line 216.

[34] [35 <./Images/figChapter3-2.pdf>]
Underfull \vbox (badness 2359) has occurred while \output is active []

 [36]
[37] <Images/figChapter3-3.pdf, id=228, 614.295pt x 794.97pt>
File: Images/figChapter3-3.pdf Graphic file (type pdf)

<use Images/figChapter3-3.pdf>
Package pdftex.def Info: Images/figChapter3-3.pdf used on input line 266.
(pdftex.def)             Requested size: 369.88582pt x 478.68391pt.
) (./Text/chapter04_overview_of_publications.tex
[38] [39 <./Images/figChapter3-3.pdf>] [40

]
Chapter 4.

Underfull \hbox (badness 1112) in paragraph at lines 13--14
[]\OT1/ptm/m/n/10.95 Firstly, a sig-nif-i-cant fo-cus of our over-all re-search
 port-fo-lio dur-ing the years
 []


Underfull \hbox (badness 3068) in paragraph at lines 13--14
\OT1/ptm/m/n/10.95 2011--2013 was mak-ing the tran-si-tion from grow-ing ubiq-u
i-tous po-si-tion-ing
 []

[41] [42] <Images/figChapter4.pdf, id=247, 542.025pt x 722.7pt>
File: Images/figChapter4.pdf Graphic file (type pdf)

<use Images/figChapter4.pdf>
Package pdftex.def Info: Images/figChapter4.pdf used on input line 30.
(pdftex.def)             Requested size: 369.88582pt x 493.1939pt.

Underfull \vbox (badness 6141) has occurred while \output is active []

 [43]
[44 <./Images/figChapter4.pdf>] [45] [46]) (./Text/chapter05_conclusions.tex
[47] [48

]
Chapter 5.
[49] [50]
Underfull \hbox (badness 1783) in paragraph at lines 26--27
[]\OT1/ptm/m/n/10.95 Machine learn-ing con-sti-tutes a pow-er-ful set of meth-o
ds for en-dow-ing
 []

LaTeX Font Info:    Try loading font information for OML+ptm on input line 28.
(/usr/share/texlive/texmf-dist/tex/latex/psnfss/omlptm.fd
File: omlptm.fd 
)
LaTeX Font Info:    Font shape `OML/ptm/m/n' in size <10.95> not available
(Font)              Font shape `OML/cmm/m/it' tried instead on input line 28.

Underfull \hbox (badness 1997) in paragraph at lines 28--29
[]\OT1/ptm/m/n/10.95 Context-aware smart-phone ap-pli-ca-tions are a present re
-al-ity. Lim-ited
 []


Underfull \hbox (badness 1460) in paragraph at lines 30--31
[]\OT1/ptm/m/n/10.95 Many other ap-pli-ca-tions of con-text aware-ness are ev-i
-dent in emerg-ing
 []

[51]
Underfull \hbox (badness 2326) in paragraph at lines 48--49
[]\OT1/ptm/m/n/10.95 Another ap-pli-ca-tion area that has strong po-ten-tial is
 health-care and fit-ness
 []


Underfull \hbox (badness 2635) in paragraph at lines 48--49
\OT1/ptm/m/n/10.95 mon-i-tor-ing. With the grow-ing pop-u-lar-ity of ``wear-abl
e de-vices,'' such as
 []


Underfull \hbox (badness 2894) in paragraph at lines 48--49
\OT1/ptm/m/n/10.95 smart-watches and small heart-rate mon-i-tors, such ap-pli-c
a-tions have greater
 []


Underfull \hbox (badness 1694) in paragraph at lines 48--49
\OT1/ptm/m/n/10.95 calo-rie us-age by track-ing steps, but it re-mains a chal-l
enge to re-li-ably and
 []

[52] [53]
Underfull \hbox (badness 1158) in paragraph at lines 68--70
[]\OT1/ptm/m/n/10.95 This lack of stan-dard-iza-tion is un-der-stand-able, due 
to the fact that dif-fer-ent
 []

[54]) [55] [56

] (./PHDbase.bbl
Missing character: There is no Ã in font ptmr7t!
Missing character: There is no © in font ptmr7t!
 [57]
Underfull \hbox (badness 3724) in paragraph at lines 53--56
[]\OT1/ptm/m/n/10.95 J. Mc-Carthy, ``Notes on for-mal-iz-ing con-text,'' in \OT
1/ptm/m/it/10.95 Pro-ceed-ings of the
 []

[58]
Underfull \hbox (badness 1430) in paragraph at lines 128--131
[]\OT1/ptm/m/n/10.95 C. Ghi-dini and F. Giunchiglia, ``Lo-cal mod-els se-man-ti
cs, or con-tex-tual
 []

[59] [60]
Underfull \hbox (badness 7133) in paragraph at lines 261--264
[]\OT1/ptm/m/n/10.95 ``Indoor Out-door Seam-less Nav-i-ga-tion for Sens-ing Hu-
man Be-hav-ior
 []


Underfull \hbox (badness 10000) in paragraph at lines 273--275
[]\OT1/ptm/m/n/10.95 ``Julkaisufoorumi web-site.'' Avail-able on-line:
 []

Missing character: There is no Ã in font ptmr7t!
Missing character: There is no ¶ in font ptmr7t!
[61]) [62] (./PHDbase.aux (./Text/cover_nondraft.aux))

LaTeX Warning: There were multiply-defined labels.

 ) 
Here is how much of TeX's memory you used:
 9832 strings out of 495021
 146061 string characters out of 6181344
 272979 words of memory out of 5000000
 12721 multiletter control sequences out of 15000+600000
 50055 words of font info for 97 fonts, out of 8000000 for 9000
 14 hyphenation exceptions out of 8191
 46i,12n,35p,2430b,345s stack positions out of 5000i,500n,10000p,200000b,80000s
{/usr/share/texlive/texmf-dist/fonts/enc/dvips/base/8r.enc}</usr/share/texliv
e/texmf-dist/fonts/type1/public/amsfonts/cm/cmbx10.pfb></usr/share/texlive/texm
f-dist/fonts/type1/public/amsfonts/cm/cmbx8.pfb></usr/share/texlive/texmf-dist/
fonts/type1/public/amsfonts/cm/cmex10.pfb></usr/share/texlive/texmf-dist/fonts/
type1/public/amsfonts/cm/cmmi10.pfb></usr/share/texlive/texmf-dist/fonts/type1/
public/amsfonts/cm/cmmi8.pfb></usr/share/texlive/texmf-dist/fonts/type1/public/
amsfonts/cm/cmmib10.pfb></usr/share/texlive/texmf-dist/fonts/type1/public/amsfo
nts/cmextra/cmmib8.pfb></usr/share/texlive/texmf-dist/fonts/type1/public/amsfon
ts/cm/cmr10.pfb></usr/share/texlive/texmf-dist/fonts/type1/public/amsfonts/cm/c
mr8.pfb></usr/share/texlive/texmf-dist/fonts/type1/public/amsfonts/cm/cmsy10.pf
b></usr/share/texlive/texmf-dist/fonts/type1/public/amsfonts/cm/cmsy8.pfb></usr
/share/texlive/texmf-dist/fonts/type1/urw/helvetic/uhvr8a.pfb></usr/share/texli
ve/texmf-dist/fonts/type1/urw/times/utmb8a.pfb></usr/share/texlive/texmf-dist/f
onts/type1/urw/times/utmbi8a.pfb></usr/share/texlive/texmf-dist/fonts/type1/urw
/times/utmr8a.pfb></usr/share/texlive/texmf-dist/fonts/type1/urw/times/utmr8a.p
fb></usr/share/texlive/texmf-dist/fonts/type1/urw/times/utmri8a.pfb></usr/share
/texlive/texmf-dist/fonts/type1/urw/zapfchan/uzcmi8a.pfb>
Output written on PHDbase.pdf (80 pages, 896929 bytes).
PDF statistics:
 384 PDF objects out of 1000 (max. 8388607)
 269 compressed objects within 3 object streams
 0 named destinations out of 1000 (max. 500000)
 31 words of extra memory for PDF output out of 10000 (max. 10000000)

